{
  "RSpec": {
    "coverage": {
      "/Users/dhireshdattani/Desktop/MAKERS/WEEK6/makersbnb/app.rb": [
        1,
        1,
        1,
        1,
        1,
        null,
        null,
        1,
        1,
        1,
        null,
        1,
        2,
        null,
        null,
        1,
        1,
        1,
        1,
        null,
        null,
        1,
        4,
        4,
        null,
        null,
        1,
        6,
        null,
        null,
        1,
        4,
        4,
        2,
        2,
        null,
        2,
        2,
        null,
        null,
        null,
        1,
        1,
        1,
        1,
        null,
        null,
        1,
        null
      ],
      "/Users/dhireshdattani/Desktop/MAKERS/WEEK6/makersbnb/database_connection_setup.rb": [
        1,
        null,
        null,
        null,
        1,
        1,
        null,
        0,
        null
      ],
      "/Users/dhireshdattani/Desktop/MAKERS/WEEK6/makersbnb/lib/database_connection.rb": [
        1,
        null,
        1,
        null,
        1,
        4,
        null,
        null,
        1,
        1,
        null,
        null,
        1,
        26,
        null,
        null,
        null
      ],
      "/Users/dhireshdattani/Desktop/MAKERS/WEEK6/makersbnb/lib/space.rb": [
        1,
        1,
        null,
        1,
        null,
        1,
        null,
        1,
        5,
        5,
        5,
        5,
        5,
        5,
        null,
        null,
        1,
        5,
        5,
        2,
        null,
        null,
        null,
        null,
        null,
        null,
        null,
        null,
        null,
        null,
        1,
        3,
        3,
        null,
        null
      ],
      "/Users/dhireshdattani/Desktop/MAKERS/WEEK6/makersbnb/lib/user.rb": [
        1,
        null,
        1,
        1,
        null,
        1,
        13,
        13,
        null,
        null,
        1,
        10,
        10,
        10,
        null,
        null,
        1,
        7,
        7,
        5,
        3,
        null,
        null
      ],
      "/Users/dhireshdattani/Desktop/MAKERS/WEEK6/makersbnb/spec/setup_test_database.rb": [
        null,
        null,
        1,
        null,
        1,
        null,
        16,
        null,
        null,
        16,
        null
      ],
      "/Users/dhireshdattani/Desktop/MAKERS/WEEK6/makersbnb/spec/database_connection_spec.rb": [
        1,
        null,
        1,
        1,
        1,
        1,
        null,
        1,
        null,
        null,
        null,
        1,
        1,
        null,
        1,
        null,
        null,
        null,
        null,
        1,
        1,
        1,
        null,
        1,
        null,
        1,
        null,
        null,
        null,
        null
      ],
      "/Users/dhireshdattani/Desktop/MAKERS/WEEK6/makersbnb/spec/features/authentication_spec.rb": [
        1,
        1,
        1,
        1,
        1,
        1,
        1,
        null,
        1,
        null,
        null,
        1,
        1,
        null,
        1,
        1,
        1,
        1,
        null,
        1,
        1,
        null,
        null,
        1,
        1,
        null,
        1,
        1,
        1,
        1,
        null,
        1,
        1,
        null,
        null,
        1,
        1,
        null,
        1,
        1,
        1,
        1,
        1,
        null,
        1,
        null,
        null
      ],
      "/Users/dhireshdattani/Desktop/MAKERS/WEEK6/makersbnb/spec/features/sign_up_spec.rb": [
        1,
        1,
        1,
        1,
        1,
        1,
        null,
        1,
        1,
        1,
        1,
        null,
        null
      ],
      "/Users/dhireshdattani/Desktop/MAKERS/WEEK6/makersbnb/spec/features/view_spaces_spec.rb": [
        1,
        1,
        null,
        1,
        1,
        null,
        1,
        1,
        null,
        1,
        1,
        null,
        null
      ],
      "/Users/dhireshdattani/Desktop/MAKERS/WEEK6/makersbnb/spec/units/space_spec.rb": [
        1,
        1,
        1,
        null,
        1,
        1,
        1,
        1,
        1,
        null,
        1,
        null,
        1,
        null,
        null,
        null,
        null,
        1,
        1,
        1,
        1,
        1,
        null,
        1,
        1,
        null,
        null,
        null
      ],
      "/Users/dhireshdattani/Desktop/MAKERS/WEEK6/makersbnb/spec/units/user_spec.rb": [
        1,
        1,
        null,
        1,
        1,
        1,
        1,
        1,
        null,
        1,
        1,
        1,
        null,
        null,
        1,
        1,
        null,
        1,
        null,
        null,
        null,
        1,
        1,
        1,
        1,
        null,
        1,
        null,
        null,
        1,
        1,
        1,
        null,
        null,
        1,
        1,
        1,
        null,
        null,
        null
      ],
      "/Users/dhireshdattani/Desktop/MAKERS/WEEK6/makersbnb/spec/database_helpers.rb": [
        1,
        null,
        1,
        1,
        1,
        1,
        null
      ]
    },
    "timestamp": 1554815172
  }
}
