{
  "RSpec": {
    "coverage": {
      "/Users/kimdiep/Desktop/Kim-Github-Projects/makers/team_projects/makersbnb/app.rb": [
        1,
        1,
        1,
        1,
        1,
        null,
        null,
        1,
        1,
        1,
        null,
        1,
        1,
        null,
        null,
        1,
        1,
        1,
        1,
        null,
        null,
        1,
        6,
        6,
        null,
        null,
        1,
        2,
        null,
        null,
        1,
        1,
        1,
        null,
        null,
        1,
        5,
        null,
        null,
        1,
        3,
        3,
        1,
        1,
        null,
        2,
        2,
        null,
        null,
        null,
        1,
        null
      ],
      "/Users/kimdiep/Desktop/Kim-Github-Projects/makers/team_projects/makersbnb/database_connection_setup.rb": [
        1,
        null,
        1,
        1,
        null,
        0,
        null
      ],
      "/Users/kimdiep/Desktop/Kim-Github-Projects/makers/team_projects/makersbnb/lib/database_connection.rb": [
        1,
        null,
        1,
        null,
        1,
        4,
        null,
        null,
        1,
        1,
        null,
        null,
        1,
        27,
        null,
        null,
        null
      ],
      "/Users/kimdiep/Desktop/Kim-Github-Projects/makers/team_projects/makersbnb/lib/space.rb": [
        1,
        1,
        null,
        1,
        null,
        1,
        null,
        1,
        7,
        7,
        7,
        7,
        7,
        7,
        null,
        null,
        1,
        7,
        7,
        3,
        null,
        null,
        null,
        null,
        null,
        null,
        null,
        null,
        null,
        null,
        1,
        4,
        null,
        null,
        null,
        null,
        null,
        null,
        null,
        null,
        null,
        null,
        4,
        null,
        null,
        null,
        null,
        null,
        null,
        null,
        null,
        null
      ],
      "/Users/kimdiep/Desktop/Kim-Github-Projects/makers/team_projects/makersbnb/lib/user.rb": [
        1,
        null,
        1,
        1,
        null,
        1,
        11,
        11,
        null,
        null,
        1,
        9,
        9,
        9,
        null,
        null,
        1,
        6,
        6,
        4,
        2,
        null,
        null
      ],
      "/Users/kimdiep/Desktop/Kim-Github-Projects/makers/team_projects/makersbnb/spec/setup_test_database.rb": [
        null,
        null,
        1,
        null,
        1,
        null,
        17,
        null,
        null,
        17,
        null
      ],
      "/Users/kimdiep/Desktop/Kim-Github-Projects/makers/team_projects/makersbnb/spec/database_connection_spec.rb": [
        1,
        null,
        1,
        1,
        1,
        1,
        null,
        1,
        null,
        null,
        null,
        1,
        1,
        null,
        1,
        null,
        null,
        null,
        null,
        1,
        1,
        1,
        null,
        1,
        null,
        1,
        null,
        null,
        null,
        null
      ],
      "/Users/kimdiep/Desktop/Kim-Github-Projects/makers/team_projects/makersbnb/spec/features/list_a_space_spec.rb": [
        1,
        null,
        1,
        1,
        1,
        1,
        null,
        null,
        1,
        1,
        1,
        1,
        1,
        1,
        1,
        1,
        1,
        null,
        1,
        null,
        null,
        null,
        null
      ],
      "/Users/kimdiep/Desktop/Kim-Github-Projects/makers/team_projects/makersbnb/spec/features/log_in_spec.rb": [
        1,
        1,
        1,
        1,
        1,
        1,
        1,
        null,
        1,
        null,
        null,
        1,
        1,
        null,
        1,
        1,
        1,
        1,
        null,
        1,
        1,
        null,
        null,
        1,
        1,
        null,
        1,
        1,
        1,
        1,
        null,
        1,
        1,
        null,
        null
      ],
      "/Users/kimdiep/Desktop/Kim-Github-Projects/makers/team_projects/makersbnb/spec/features/sign_up_spec.rb": [
        1,
        1,
        1,
        1,
        1,
        1,
        null,
        1,
        1,
        1,
        1,
        null,
        null
      ],
      "/Users/kimdiep/Desktop/Kim-Github-Projects/makers/team_projects/makersbnb/spec/features/view_spaces_spec.rb": [
        1,
        1,
        null,
        1,
        1,
        null,
        1,
        1,
        null,
        1,
        1,
        1,
        null,
        null,
        null
      ],
      "/Users/kimdiep/Desktop/Kim-Github-Projects/makers/team_projects/makersbnb/spec/units/space_spec.rb": [
        1,
        1,
        1,
        null,
        1,
        1,
        1,
        1,
        1,
        null,
        1,
        null,
        1,
        null,
        null,
        null,
        null,
        1,
        1,
        1,
        1,
        1,
        null,
        1,
        1,
        null,
        null,
        null
      ],
      "/Users/kimdiep/Desktop/Kim-Github-Projects/makers/team_projects/makersbnb/spec/units/user_spec.rb": [
        1,
        1,
        null,
        1,
        1,
        1,
        1,
        1,
        null,
        1,
        1,
        1,
        null,
        null,
        1,
        1,
        null,
        1,
        null,
        null,
        null,
        1,
        1,
        1,
        1,
        null,
        1,
        null,
        null,
        1,
        1,
        1,
        null,
        null,
        1,
        1,
        1,
        null,
        null,
        null
      ],
      "/Users/kimdiep/Desktop/Kim-Github-Projects/makers/team_projects/makersbnb/spec/database_helpers.rb": [
        1,
        null,
        1,
        1,
        1,
        1,
        null
      ]
    },
    "timestamp": 1554818877
  }
}
